#
# There is insufficient memory for the Java Runtime Environment to continue.
# Native memory allocation (mmap) failed to map 268435456 bytes for Failed to commit area from 0x00000004d6200000 to 0x00000004e6200000 of length 268435456.
# Possible reasons:
#   The system is out of physical RAM or swap space
#   The process is running with CompressedOops enabled, and the Java Heap may be blocking the growth of the native heap
# Possible solutions:
#   Reduce memory load on the system
#   Increase physical memory or swap space
#   Check if swap backing store is full
#   Decrease Java heap size (-Xmx/-Xms)
#   Decrease number of Java threads
#   Decrease Java thread stack sizes (-Xss)
#   Set larger code cache with -XX:ReservedCodeCacheSize=
# This output file may be truncated or incomplete.
#
#  Out of Memory Error (./src/hotspot/os/windows/os_windows.cpp:3619), pid=15576, tid=5576
#
# JRE version:  (11.0.13) (build )
# Java VM: OpenJDK 64-Bit Server VM (11.0.13+0-b1751.21-8125866, mixed mode, sharing, tiered, compressed oops, g1 gc, windows-amd64)
# No core dump will be written. Minidumps are not enabled by default on client versions of Windows
#

---------------  S U M M A R Y ------------

Command Line: 

Host: Intel(R) Core(TM) i7-6700 CPU @ 3.40GHz, 8 cores, 15G,  Windows 10 , 64 bit Build 19041 (10.0.19041.2546)
Time: Tue Feb 28 21:36:35 2023 Korea Standard Time elapsed time: 0.012242 seconds (0d 0h 0m 0s)

---------------  T H R E A D  ---------------

Current thread (0x000001c35bf8b000):  JavaThread "Unknown thread" [_thread_in_vm, id=5576, stack(0x00000007c3100000,0x00000007c3200000)]

Stack: [0x00000007c3100000,0x00000007c3200000]
Native frames: (J=compiled Java code, j=interpreted, Vv=VM code, C=native code)
V  [jvm.dll+0x6100fa]
V  [jvm.dll+0x747090]
V  [jvm.dll+0x7486ad]
V  [jvm.dll+0x748d83]
V  [jvm.dll+0x24ab48]
V  [jvm.dll+0x60d164]
V  [jvm.dll+0x601e75]
V  [jvm.dll+0x308bdb]
V  [jvm.dll+0x308b4a]
V  [jvm.dll+0x308a22]
V  [jvm.dll+0x30d986]
V  [jvm.dll+0x357093]
V  [jvm.dll+0x357796]
V  [jvm.dll+0x357193]
V  [jvm.dll+0x2e3448]
V  [jvm.dll+0x2e45f7]
V  [jvm.dll+0x7242e7]
V  [jvm.dll+0x725adc]
V  [jvm.dll+0x364629]
V  [jvm.dll+0x707cee]
V  [jvm.dll+0x3d2633]
V  [jvm.dll+0x3d4a21]
C  [jli.dll+0x536b]
C  [ucrtbase.dll+0x21bb2]
C  [KERNEL32.DLL+0x17614]
C  [ntdll.dll+0x526a1]


---------------  P R O C E S S  ---------------

Threads class SMR info:
_java_thread_list=0x000001c35bdafad0, length=0, elements={
}

Java Threads: ( => current thread )

Other Threads:
  0x000001c35bfa1800 GCTaskThread "GC Thread#0" [stack: 0x00000007c3200000,0x00000007c3300000] [id=38148]
  0x000001c35bffd000 ConcurrentGCThread "G1 Main Marker" [stack: 0x00000007c3300000,0x00000007c3400000] [id=33784]
  0x000001c35bffe000 ConcurrentGCThread "G1 Conc#0" [stack: 0x00000007c3400000,0x00000007c3500000] [id=40216]

[error occurred during error reporting (printing all threads), id 0xc0000005, EXCEPTION_ACCESS_VIOLATION (0xc0000005) at pc=0x00007ff9b0ae3dd7]

VM state:not at safepoint (not fully initialized)

VM Mutex/Monitor currently owned by a thread:  ([mutex/lock_event])
[0x000001c35bf85f80] Heap_lock - owner thread: 0x000001c35bf8b000

Heap address: 0x00000004d6200000, size: 4076 MB, Compressed Oops mode: Non-zero based: 0x00000004d6200000
Narrow klass base: 0x0000000000000000, Narrow klass shift: 0

GC Heap History (0 events):
No events

Deoptimization events (0 events):
No events

Classes redefined (0 events):
No events

Internal exceptions (0 events):
No events

Events (1 events):
Event: 0.007 Loaded shared library C:\Program Files\Android\Android Studio\jre\bin\zip.dll


Dynamic libraries:
0x00007ff6c4920000 - 0x00007ff6c492a000 	C:\Program Files\Android\Android Studio\jre\bin\java.exe
0x00007ff9de6d0000 - 0x00007ff9de8c8000 	C:\WINDOWS\SYSTEM32\ntdll.dll
0x00007ff9dc830000 - 0x00007ff9dc8ef000 	C:\WINDOWS\System32\KERNEL32.DLL
0x00007ff9dc340000 - 0x00007ff9dc612000 	C:\WINDOWS\System32\KERNELBASE.dll
0x00007ff9dc1a0000 - 0x00007ff9dc2a0000 	C:\WINDOWS\System32\ucrtbase.dll
0x00007ff9d3d60000 - 0x00007ff9d3d79000 	C:\Program Files\Android\Android Studio\jre\bin\jli.dll
0x00007ff9cc8b0000 - 0x00007ff9cc8c7000 	C:\Program Files\Android\Android Studio\jre\bin\VCRUNTIME140.dll
0x00007ff9dd770000 - 0x00007ff9dd911000 	C:\WINDOWS\System32\USER32.dll
0x00007ff9dc310000 - 0x00007ff9dc332000 	C:\WINDOWS\System32\win32u.dll
0x00007ff9d0b10000 - 0x00007ff9d0daa000 	C:\WINDOWS\WinSxS\amd64_microsoft.windows.common-controls_6595b64144ccf1df_6.0.19041.1110_none_60b5254171f9507e\COMCTL32.dll
0x00007ff9dce30000 - 0x00007ff9dce5b000 	C:\WINDOWS\System32\GDI32.dll
0x00007ff9dd980000 - 0x00007ff9dda1e000 	C:\WINDOWS\System32\msvcrt.dll
0x00007ff9dc060000 - 0x00007ff9dc16f000 	C:\WINDOWS\System32\gdi32full.dll
0x00007ff9dc620000 - 0x00007ff9dc6bd000 	C:\WINDOWS\System32\msvcp_win.dll
0x00007ff9dccb0000 - 0x00007ff9dcce2000 	C:\WINDOWS\System32\IMM32.DLL
0x00007ff9b9130000 - 0x00007ff9b91cd000 	C:\Program Files\Android\Android Studio\jre\bin\msvcp140.dll
0x00007ff9b07f0000 - 0x00007ff9b12f2000 	C:\Program Files\Android\Android Studio\jre\bin\server\jvm.dll
0x00007ff9de3b0000 - 0x00007ff9de45e000 	C:\WINDOWS\System32\ADVAPI32.dll
0x00007ff9de070000 - 0x00007ff9de10c000 	C:\WINDOWS\System32\sechost.dll
0x00007ff9ddac0000 - 0x00007ff9ddbe5000 	C:\WINDOWS\System32\RPCRT4.dll
0x00007ff9ddbf0000 - 0x00007ff9ddbf8000 	C:\WINDOWS\System32\PSAPI.DLL
0x00007ff9ac410000 - 0x00007ff9ac419000 	C:\WINDOWS\SYSTEM32\WSOCK32.dll
0x00007ff9d2bb0000 - 0x00007ff9d2bd7000 	C:\WINDOWS\SYSTEM32\WINMM.dll
0x00007ff9d2be0000 - 0x00007ff9d2bea000 	C:\WINDOWS\SYSTEM32\VERSION.dll
0x00007ff9de340000 - 0x00007ff9de3ab000 	C:\WINDOWS\System32\WS2_32.dll
0x00007ff9d9c60000 - 0x00007ff9d9c72000 	C:\WINDOWS\SYSTEM32\kernel.appcore.dll
0x00007ff9cb970000 - 0x00007ff9cb981000 	C:\Program Files\Android\Android Studio\jre\bin\verify.dll
0x00007ff9d5480000 - 0x00007ff9d5664000 	C:\WINDOWS\SYSTEM32\DBGHELP.DLL
0x00007ff9d50b0000 - 0x00007ff9d50e5000 	C:\WINDOWS\SYSTEM32\dbgcore.DLL
0x00007ff9dbdc0000 - 0x00007ff9dbe42000 	C:\WINDOWS\System32\bcryptPrimitives.dll
0x00007ff9cb390000 - 0x00007ff9cb3b9000 	C:\Program Files\Android\Android Studio\jre\bin\java.dll
0x00007ff9d6aa0000 - 0x00007ff9d6aab000 	C:\Program Files\Android\Android Studio\jre\bin\jimage.dll
0x00007ff9cb1e0000 - 0x00007ff9cb1f8000 	C:\Program Files\Android\Android Studio\jre\bin\zip.dll

dbghelp: loaded successfully - version: 4.0.5 - missing functions: none
symbol engine: initialized successfully - sym options: 0x614 - pdb path: .;C:\Program Files\Android\Android Studio\jre\bin;C:\WINDOWS\SYSTEM32;C:\WINDOWS\WinSxS\amd64_microsoft.windows.common-controls_6595b64144ccf1df_6.0.19041.1110_none_60b5254171f9507e;C:\Program Files\Android\Android Studio\jre\bin\server

VM Arguments:
java_command: <unknown>
java_class_path (initial): <not set>
Launcher Type: SUN_STANDARD

[Global flags]
     intx CICompilerCount                          = 4                                         {product} {ergonomic}
     uint ConcGCThreads                            = 2                                         {product} {ergonomic}
     uint G1ConcRefinementThreads                  = 8                                         {product} {ergonomic}
   size_t G1HeapRegionSize                         = 1048576                                   {product} {ergonomic}
    uintx GCDrainStackTargetSize                   = 64                                        {product} {ergonomic}
   size_t InitialHeapSize                          = 268435456                                 {product} {ergonomic}
   size_t MarkStackSize                            = 4194304                                   {product} {ergonomic}
   size_t MaxHeapSize                              = 4273995776                                {product} {ergonomic}
   size_t MinHeapDeltaBytes                        = 1048576                                   {product} {ergonomic}
    uintx NonNMethodCodeHeapSize                   = 5836300                                {pd product} {ergonomic}
    uintx NonProfiledCodeHeapSize                  = 122910970                              {pd product} {ergonomic}
    uintx ProfiledCodeHeapSize                     = 122910970                              {pd product} {ergonomic}
    uintx ReservedCodeCacheSize                    = 251658240                              {pd product} {ergonomic}
     bool SegmentedCodeCache                       = true                                      {product} {ergonomic}
     bool UseCompressedClassPointers               = true                                 {lp64_product} {ergonomic}
     bool UseCompressedOops                        = true                                 {lp64_product} {ergonomic}
     bool UseG1GC                                  = true                                      {product} {ergonomic}
     bool UseLargePagesIndividualAllocation        = false                                  {pd product} {ergonomic}

Logging:
Log output configuration:
 #0: stdout all=warning uptime,level,tags
 #1: stderr all=off uptime,level,tags

Environment Variables:
JAVA_HOME=C:\Program Files\Android\Android Studio\jre
PATH=C:\WINDOWS\system32;C:\WINDOWS;C:\WINDOWS\System32\Wbem;C:\WINDOWS\System32\WindowsPowerShell\v1.0\;C:\WINDOWS\System32\OpenSSH\;C:\Program Files\Git\cmd;C:\flutter\bin;C:\Program Files\Android\Android Studio\jre\bin;C:\openssl-0.9.8k_X64\bin;C:\Program Files\nodejs\;C:\Program Files\CodeBlocks\MinGW\bin;C:\mongosh-1.7.1-win32-x64\bin;C:\Users\ducnm\AppData\Local\Programs\Python\Python311\Scripts\;C:\Users\ducnm\AppData\Local\Programs\Python\Python311\;C:\Users\ducnm\AppData\Local\Microsoft\WindowsApps;;C:\Users\ducnm\AppData\Local\Programs\Microsoft VS Code\bin;C:\Users\ducnm\AppData\Local\Programs\oh-my-posh\bin;C:\Users\ducnm\AppData\Roaming\npm
USERNAME=ducnm
OS=Windows_NT
PROCESSOR_IDENTIFIER=Intel64 Family 6 Model 94 Stepping 3, GenuineIntel



---------------  S Y S T E M  ---------------

OS: Windows 10 , 64 bit Build 19041 (10.0.19041.2546)
OS uptime: 11 days 23:25 hours
Hyper-V role detected

CPU:total 8 (initial active 8) (4 cores per cpu, 2 threads per core) family 6 model 94 stepping 3 microcode 0xcc, cmov, cx8, fxsr, mmx, sse, sse2, sse3, ssse3, sse4.1, sse4.2, popcnt, avx, avx2, aes, clmul, erms, rtm, 3dnowpref, lzcnt, ht, tsc, tscinvbit, bmi1, bmi2, adx, fma

Memory: 4k page, system-wide physical 16299M (2525M free)
TotalPageFile size 46613M (AvailPageFile size 228M)
current process WorkingSet (physical memory assigned to process): 10M, peak: 10M
current process commit charge ("private bytes"): 60M, peak: 316M

vm_info: OpenJDK 64-Bit Server VM (11.0.13+0-b1751.21-8125866) for windows-amd64 JRE (11.0.13+0-b1751.21-8125866), built on Feb  2 2022 03:00:22 by "builder" with MS VC++ 14.0 (VS2015)

END.
